<?xml version="1.0" encoding="UTF-8"?>
<!-- Generated by org.testng.reporters.JUnitReportReporter -->
<testsuite skipped="0" hostname="SHARIF" name="testPages.TestSearchFromExcel" tests="1" failures="0" timestamp="31 Mar 2019 07:22:06 GMT" time="56.304" errors="0">
  <testcase name="search" time="56.304" classname="testPages.TestSearchFromExcel"/>
</testsuite> <!-- testPages.TestSearchFromExcel -->
