<?xml version="1.0" encoding="UTF-8"?>
<!-- Generated by org.testng.reporters.JUnitReportReporter -->
<testsuite skipped="0" hostname="Muhtasims-MBP.fios-router.home" name="youtubeTests.SearchTester" tests="10" failures="0" timestamp="14 Apr 2019 09:50:40 GMT" time="28.357" errors="0">
  <testcase name="enterElement9" time="2.739" classname="youtubeTests.SearchTester"/>
  <testcase name="enterElement2" time="2.822" classname="youtubeTests.SearchTester"/>
  <testcase name="enterElement6" time="2.948" classname="youtubeTests.SearchTester"/>
  <testcase name="enterElement" time="2.723" classname="youtubeTests.SearchTester"/>
  <testcase name="enterElement10" time="3.114" classname="youtubeTests.SearchTester"/>
  <testcase name="enterElement8" time="2.749" classname="youtubeTests.SearchTester"/>
  <testcase name="enterElement4" time="2.858" classname="youtubeTests.SearchTester"/>
  <testcase name="enterElement7" time="2.710" classname="youtubeTests.SearchTester"/>
  <testcase name="enterElement5" time="2.611" classname="youtubeTests.SearchTester"/>
  <testcase name="enterElement3" time="3.083" classname="youtubeTests.SearchTester"/>
</testsuite> <!-- youtubeTests.SearchTester -->
