<?xml version="1.0" encoding="UTF-8"?>
<!-- Generated by org.testng.reporters.JUnitReportReporter -->
<testsuite skipped="0" hostname="Muhtasims-MBP.fios-router.home" name="youtubeTests.SearchUsingDbTester" tests="1" failures="0" timestamp="14 Apr 2019 09:50:40 GMT" time="4.448" errors="0">
  <testcase name="search" time="4.448" classname="youtubeTests.SearchUsingDbTester"/>
</testsuite> <!-- youtubeTests.SearchUsingDbTester -->
