<?xml version="1.0" encoding="UTF-8"?>
<!-- Generated by org.testng.reporters.JUnitReportReporter -->
<testsuite skipped="0" hostname="Muhtasims-MBP.fios-router.home" name="youtubeTests.YTMenuTester" tests="6" failures="0" timestamp="14 Apr 2019 09:50:40 GMT" time="16.414" errors="0">
  <testcase name="TestYTKids" time="2.803" classname="youtubeTests.YTMenuTester"/>
  <testcase name="TestTB" time="2.569" classname="youtubeTests.YTMenuTester"/>
  <testcase name="TestYTTV" time="2.701" classname="youtubeTests.YTMenuTester"/>
  <testcase name="TestCA" time="2.719" classname="youtubeTests.YTMenuTester"/>
  <testcase name="TestYTForArtists" time="2.855" classname="youtubeTests.YTMenuTester"/>
  <testcase name="TestYTMusic" time="2.767" classname="youtubeTests.YTMenuTester"/>
</testsuite> <!-- youtubeTests.YTMenuTester -->
