<?xml version="1.0" encoding="UTF-8"?>
<!-- Generated by org.testng.reporters.JUnitReportReporter -->
<testsuite skipped="0" hostname="Muhtasims-MBP.fios-router.home" name="youtubeTests.SearchUsingDbTester" tests="1" failures="0" timestamp="31 Mar 2019 06:52:50 GMT" time="5.663" errors="0">
  <testcase name="search" time="5.663" classname="youtubeTests.SearchUsingDbTester"/>
</testsuite> <!-- youtubeTests.SearchUsingDbTester -->
