<?xml version="1.0" encoding="UTF-8"?>
<!-- Generated by org.testng.reporters.JUnitReportReporter -->
<testsuite skipped="0" hostname="Muhtasims-MBP.fios-router.home" name="youtubeTests.IconsTester" tests="4" failures="0" timestamp="14 Apr 2019 09:50:40 GMT" time="11.305" errors="0">
  <testcase name="TestGoingLive" time="2.656" classname="youtubeTests.IconsTester"/>
  <testcase name="TestMI" time="2.562" classname="youtubeTests.IconsTester"/>
  <testcase name="TestUpoladIcon" time="2.532" classname="youtubeTests.IconsTester"/>
  <testcase name="TestUpolad" time="3.555" classname="youtubeTests.IconsTester"/>
</testsuite> <!-- youtubeTests.IconsTester -->
