<?xml version="1.0" encoding="UTF-8"?>
<!-- Generated by org.testng.reporters.JUnitReportReporter -->
<testsuite skipped="0" hostname="Muhtasims-MBP.fios-router.home" name="youtubeTests.SettingMenuTester" tests="9" failures="0" timestamp="14 Apr 2019 09:50:40 GMT" time="29.052" errors="0">
  <testcase name="TestSI" time="2.633" classname="youtubeTests.SettingMenuTester"/>
  <testcase name="TestLocation" time="2.916" classname="youtubeTests.SettingMenuTester"/>
  <testcase name="TestLanguage" time="2.828" classname="youtubeTests.SettingMenuTester"/>
  <testcase name="TestMode" time="3.539" classname="youtubeTests.SettingMenuTester"/>
  <testcase name="TestSC" time="2.613" classname="youtubeTests.SettingMenuTester"/>
  <testcase name="TestDT" time="2.756" classname="youtubeTests.SettingMenuTester"/>
  <testcase name="TestFeedback" time="3.867" classname="youtubeTests.SettingMenuTester"/>
  <testcase name="TestHelp" time="4.292" classname="youtubeTests.SettingMenuTester"/>
  <testcase name="TestSettings" time="3.608" classname="youtubeTests.SettingMenuTester"/>
</testsuite> <!-- youtubeTests.SettingMenuTester -->
