<?xml version="1.0" encoding="UTF-8"?>
<!-- Generated by org.testng.reporters.JUnitReportReporter -->
<testsuite skipped="0" hostname="Muhtasims-MBP.fios-router.home" name="youtubeTests.ExcelSearchTester" tests="1" failures="0" timestamp="31 Mar 2019 06:52:50 GMT" time="4.729" errors="0">
  <testcase name="search" time="4.729" classname="youtubeTests.ExcelSearchTester"/>
</testsuite> <!-- youtubeTests.ExcelSearchTester -->
