<?xml version="1.0" encoding="UTF-8"?>
<!-- Generated by org.testng.reporters.JUnitReportReporter -->
<testsuite skipped="0" hostname="Muhtasims-MBP.fios-router.home" name="youtubeTests.HomepageTester" tests="13" failures="0" timestamp="31 Mar 2019 06:52:50 GMT" time="50.455" errors="0">
  <testcase name="clickTrending" time="4.106" classname="youtubeTests.HomepageTester"/>
  <testcase name="clickBrowseChannels" time="4.311" classname="youtubeTests.HomepageTester"/>
  <testcase name="clickSports" time="3.937" classname="youtubeTests.HomepageTester"/>
  <testcase name="click360Video" time="3.487" classname="youtubeTests.HomepageTester"/>
  <testcase name="clickHistory" time="3.625" classname="youtubeTests.HomepageTester"/>
  <testcase name="clickTvShows" time="3.977" classname="youtubeTests.HomepageTester"/>
  <testcase name="clickGaming" time="4.188" classname="youtubeTests.HomepageTester"/>
  <testcase name="clickMovies" time="3.775" classname="youtubeTests.HomepageTester"/>
  <testcase name="clickSpotlight" time="4.436" classname="youtubeTests.HomepageTester"/>
  <testcase name="clickMusic" time="3.916" classname="youtubeTests.HomepageTester"/>
  <testcase name="VerifyTitle" time="3.187" classname="youtubeTests.HomepageTester"/>
  <testcase name="clickLive" time="3.932" classname="youtubeTests.HomepageTester"/>
  <testcase name="clickNews" time="3.578" classname="youtubeTests.HomepageTester"/>
</testsuite> <!-- youtubeTests.HomepageTester -->
