<?xml version="1.0" encoding="UTF-8"?>
<!-- Generated by org.testng.reporters.JUnitReportReporter -->
<testsuite skipped="0" hostname="Muhtasims-MBP.fios-router.home" name="youtubeTests.SearchTester" tests="5" failures="0" timestamp="31 Mar 2019 06:52:50 GMT" time="18.533" errors="0">
  <testcase name="enterElement" time="3.539" classname="youtubeTests.SearchTester"/>
  <testcase name="enterElement2" time="3.580" classname="youtubeTests.SearchTester"/>
  <testcase name="enterElement5" time="4.106" classname="youtubeTests.SearchTester"/>
  <testcase name="enterElement3" time="3.725" classname="youtubeTests.SearchTester"/>
  <testcase name="enterElement4" time="3.583" classname="youtubeTests.SearchTester"/>
</testsuite> <!-- youtubeTests.SearchTester -->
