<?xml version="1.0" encoding="UTF-8"?>
<testsuite xmlns:xsi="http://www.w3.org/2001/XMLSchema-instance" xsi:noNamespaceSchemaLocation="https://maven.apache.org/surefire/maven-surefire-plugin/xsd/surefire-test-report-3.0.xsd" version="3.0" name="TestSuite" time="52.423" tests="18" errors="0" skipped="0" failures="0">
  <properties>
    <property name="gopherProxySet" value="false"/>
    <property name="awt.toolkit" value="sun.lwawt.macosx.LWCToolkit"/>
    <property name="file.encoding.pkg" value="sun.io"/>
    <property name="java.specification.version" value="1.8"/>
    <property name="sun.cpu.isalist" value=""/>
    <property name="sun.jnu.encoding" value="UTF-8"/>
    <property name="java.class.path" value="/Users/muhtasimmahir/IdeaProjects/Group4ProjectWebAutomation/Instagram/target/test-classes:/Users/muhtasimmahir/IdeaProjects/Group4ProjectWebAutomation/Instagram/target/classes:/Users/muhtasimmahir/IdeaProjects/Group4ProjectWebAutomation/Generic/target/classes:/Users/muhtasimmahir/.m2/repository/org/testng/testng/6.14.3/testng-6.14.3.jar:/Users/muhtasimmahir/.m2/repository/com/beust/jcommander/1.72/jcommander-1.72.jar:/Users/muhtasimmahir/.m2/repository/org/apache-extras/beanshell/bsh/2.0b6/bsh-2.0b6.jar:/Users/muhtasimmahir/.m2/repository/org/seleniumhq/selenium/selenium-server/3.141.59/selenium-server-3.141.59.jar:/Users/muhtasimmahir/.m2/repository/org/seleniumhq/selenium/selenium-api/3.141.59/selenium-api-3.141.59.jar:/Users/muhtasimmahir/.m2/repository/org/seleniumhq/selenium/selenium-chrome-driver/3.141.59/selenium-chrome-driver-3.141.59.jar:/Users/muhtasimmahir/.m2/repository/org/seleniumhq/selenium/selenium-edge-driver/3.141.59/selenium-edge-driver-3.141.59.jar:/Users/muhtasimmahir/.m2/repository/org/seleniumhq/selenium/selenium-firefox-driver/3.141.59/selenium-firefox-driver-3.141.59.jar:/Users/muhtasimmahir/.m2/repository/org/seleniumhq/selenium/selenium-ie-driver/3.141.59/selenium-ie-driver-3.141.59.jar:/Users/muhtasimmahir/.m2/repository/org/seleniumhq/selenium/selenium-opera-driver/3.141.59/selenium-opera-driver-3.141.59.jar:/Users/muhtasimmahir/.m2/repository/org/seleniumhq/selenium/selenium-remote-driver/3.141.59/selenium-remote-driver-3.141.59.jar:/Users/muhtasimmahir/.m2/repository/org/seleniumhq/selenium/selenium-safari-driver/3.141.59/selenium-safari-driver-3.141.59.jar:/Users/muhtasimmahir/.m2/repository/org/seleniumhq/selenium/selenium-support/3.141.59/selenium-support-3.141.59.jar:/Users/muhtasimmahir/.m2/repository/net/bytebuddy/byte-buddy/1.8.15/byte-buddy-1.8.15.jar:/Users/muhtasimmahir/.m2/repository/org/apache/commons/commons-exec/1.3/commons-exec-1.3.jar:/Users/muhtasimmahir/.m2/repository/com/google/guava/guava/25.0-jre/guava-25.0-jre.jar:/Users/muhtasimmahir/.m2/repository/com/google/code/findbugs/jsr305/1.3.9/jsr305-1.3.9.jar:/Users/muhtasimmahir/.m2/repository/org/checkerframework/checker-compat-qual/2.0.0/checker-compat-qual-2.0.0.jar:/Users/muhtasimmahir/.m2/repository/com/google/errorprone/error_prone_annotations/2.1.3/error_prone_annotations-2.1.3.jar:/Users/muhtasimmahir/.m2/repository/com/google/j2objc/j2objc-annotations/1.1/j2objc-annotations-1.1.jar:/Users/muhtasimmahir/.m2/repository/org/codehaus/mojo/animal-sniffer-annotations/1.14/animal-sniffer-annotations-1.14.jar:/Users/muhtasimmahir/.m2/repository/net/jcip/jcip-annotations/1.0/jcip-annotations-1.0.jar:/Users/muhtasimmahir/.m2/repository/org/seleniumhq/selenium/jetty-repacked/9.4.12.v20180830/jetty-repacked-9.4.12.v20180830.jar:/Users/muhtasimmahir/.m2/repository/com/squareup/okhttp3/okhttp/3.11.0/okhttp-3.11.0.jar:/Users/muhtasimmahir/.m2/repository/com/squareup/okio/okio/1.14.0/okio-1.14.0.jar:/Users/muhtasimmahir/.m2/repository/javax/servlet/javax.servlet-api/3.1.0/javax.servlet-api-3.1.0.jar:/Users/muhtasimmahir/.m2/repository/org/yaml/snakeyaml/1.19/snakeyaml-1.19.jar:/Users/muhtasimmahir/.m2/repository/org/seleniumhq/selenium/selenium-java/3.141.59/selenium-java-3.141.59.jar:/Users/muhtasimmahir/.m2/repository/mysql/mysql-connector-java/8.0.15/mysql-connector-java-8.0.15.jar:/Users/muhtasimmahir/.m2/repository/com/google/protobuf/protobuf-java/3.6.1/protobuf-java-3.6.1.jar:/Users/muhtasimmahir/.m2/repository/org/mongodb/mongodb-driver/3.4.0/mongodb-driver-3.4.0.jar:/Users/muhtasimmahir/.m2/repository/org/mongodb/mongodb-driver-core/3.4.0/mongodb-driver-core-3.4.0.jar:/Users/muhtasimmahir/.m2/repository/org/mongodb/bson/3.4.0/bson-3.4.0.jar:/Users/muhtasimmahir/.m2/repository/org/apache/poi/poi/3.17/poi-3.17.jar:/Users/muhtasimmahir/.m2/repository/commons-codec/commons-codec/1.10/commons-codec-1.10.jar:/Users/muhtasimmahir/.m2/repository/com/aventstack/extentreports/3.0.7/extentreports-3.0.7.jar:/Users/muhtasimmahir/.m2/repository/org/freemarker/freemarker/2.3.23/freemarker-2.3.23.jar:/Users/muhtasimmahir/.m2/repository/org/apache/httpcomponents/httpclient/4.5.2/httpclient-4.5.2.jar:/Users/muhtasimmahir/.m2/repository/org/apache/httpcomponents/httpcore/4.4.4/httpcore-4.4.4.jar:/Users/muhtasimmahir/.m2/repository/commons-logging/commons-logging/1.2/commons-logging-1.2.jar:/Users/muhtasimmahir/.m2/repository/org/apache/httpcomponents/httpmime/4.5.2/httpmime-4.5.2.jar:/Users/muhtasimmahir/.m2/repository/org/jsoup/jsoup/1.9.2/jsoup-1.9.2.jar:/Users/muhtasimmahir/.m2/repository/com/google/code/gson/gson/2.8.0/gson-2.8.0.jar:/Users/muhtasimmahir/.m2/repository/com/relevantcodes/extentreports/2.41.1/extentreports-2.41.1.jar:/Users/muhtasimmahir/.m2/repository/org/xerial/sqlite-jdbc/3.8.11.1/sqlite-jdbc-3.8.11.1.jar:/Users/muhtasimmahir/.m2/repository/org/apache/commons/commons-lang3/3.0/commons-lang3-3.0.jar:/Users/muhtasimmahir/.m2/repository/commons-io/commons-io/2.5/commons-io-2.5.jar:/Users/muhtasimmahir/.m2/repository/org/apache/poi/poi-scratchpad/3.17/poi-scratchpad-3.17.jar:/Users/muhtasimmahir/.m2/repository/org/apache/poi/ooxml-schemas/1.4/ooxml-schemas-1.4.jar:/Users/muhtasimmahir/.m2/repository/org/apache/poi/poi-ooxml/3.17/poi-ooxml-3.17.jar:/Users/muhtasimmahir/.m2/repository/com/github/virtuald/curvesapi/1.04/curvesapi-1.04.jar:/Users/muhtasimmahir/.m2/repository/org/apache/poi/poi-ooxml-schemas/3.17/poi-ooxml-schemas-3.17.jar:/Users/muhtasimmahir/.m2/repository/org/apache/poi/openxml4j/1.0-beta/openxml4j-1.0-beta.jar:/Users/muhtasimmahir/.m2/repository/dom4j/dom4j/1.6.1/dom4j-1.6.1.jar:/Users/muhtasimmahir/.m2/repository/xml-apis/xml-apis/1.0.b2/xml-apis-1.0.b2.jar:/Users/muhtasimmahir/.m2/repository/log4j/log4j/1.2.8/log4j-1.2.8.jar:/Users/muhtasimmahir/.m2/repository/org/apache/commons/commons-collections4/4.1/commons-collections4-4.1.jar:/Users/muhtasimmahir/.m2/repository/org/apache/xmlbeans/xmlbeans/2.6.0/xmlbeans-2.6.0.jar:/Users/muhtasimmahir/.m2/repository/stax/stax-api/1.0.1/stax-api-1.0.1.jar:"/>
    <property name="java.vm.vendor" value="Oracle Corporation"/>
    <property name="sun.arch.data.model" value="64"/>
    <property name="java.vendor.url" value="http://java.oracle.com/"/>
    <property name="user.timezone" value=""/>
    <property name="java.vm.specification.version" value="1.8"/>
    <property name="os.name" value="Mac OS X"/>
    <property name="user.country" value="US"/>
    <property name="sun.java.launcher" value="SUN_STANDARD"/>
    <property name="sun.boot.library.path" value="/Library/Java/JavaVirtualMachines/jdk1.8.0_201.jdk/Contents/Home/jre/lib"/>
    <property name="sun.java.command" value="/Users/muhtasimmahir/IdeaProjects/Group4ProjectWebAutomation/Instagram/target/surefire/surefirebooter5752359845965309662.jar /Users/muhtasimmahir/IdeaProjects/Group4ProjectWebAutomation/Instagram/target/surefire 2019-04-13T21-56-17_151-jvmRun1 surefire342628303765140271tmp surefire_01700107808592529154tmp"/>
    <property name="http.nonProxyHosts" value="local|*.local|169.254/16|*.169.254/16"/>
    <property name="surefire.test.class.path" value="/Users/muhtasimmahir/IdeaProjects/Group4ProjectWebAutomation/Instagram/target/test-classes:/Users/muhtasimmahir/IdeaProjects/Group4ProjectWebAutomation/Instagram/target/classes:/Users/muhtasimmahir/IdeaProjects/Group4ProjectWebAutomation/Generic/target/classes:/Users/muhtasimmahir/.m2/repository/org/testng/testng/6.14.3/testng-6.14.3.jar:/Users/muhtasimmahir/.m2/repository/com/beust/jcommander/1.72/jcommander-1.72.jar:/Users/muhtasimmahir/.m2/repository/org/apache-extras/beanshell/bsh/2.0b6/bsh-2.0b6.jar:/Users/muhtasimmahir/.m2/repository/org/seleniumhq/selenium/selenium-server/3.141.59/selenium-server-3.141.59.jar:/Users/muhtasimmahir/.m2/repository/org/seleniumhq/selenium/selenium-api/3.141.59/selenium-api-3.141.59.jar:/Users/muhtasimmahir/.m2/repository/org/seleniumhq/selenium/selenium-chrome-driver/3.141.59/selenium-chrome-driver-3.141.59.jar:/Users/muhtasimmahir/.m2/repository/org/seleniumhq/selenium/selenium-edge-driver/3.141.59/selenium-edge-driver-3.141.59.jar:/Users/muhtasimmahir/.m2/repository/org/seleniumhq/selenium/selenium-firefox-driver/3.141.59/selenium-firefox-driver-3.141.59.jar:/Users/muhtasimmahir/.m2/repository/org/seleniumhq/selenium/selenium-ie-driver/3.141.59/selenium-ie-driver-3.141.59.jar:/Users/muhtasimmahir/.m2/repository/org/seleniumhq/selenium/selenium-opera-driver/3.141.59/selenium-opera-driver-3.141.59.jar:/Users/muhtasimmahir/.m2/repository/org/seleniumhq/selenium/selenium-remote-driver/3.141.59/selenium-remote-driver-3.141.59.jar:/Users/muhtasimmahir/.m2/repository/org/seleniumhq/selenium/selenium-safari-driver/3.141.59/selenium-safari-driver-3.141.59.jar:/Users/muhtasimmahir/.m2/repository/org/seleniumhq/selenium/selenium-support/3.141.59/selenium-support-3.141.59.jar:/Users/muhtasimmahir/.m2/repository/net/bytebuddy/byte-buddy/1.8.15/byte-buddy-1.8.15.jar:/Users/muhtasimmahir/.m2/repository/org/apache/commons/commons-exec/1.3/commons-exec-1.3.jar:/Users/muhtasimmahir/.m2/repository/com/google/guava/guava/25.0-jre/guava-25.0-jre.jar:/Users/muhtasimmahir/.m2/repository/com/google/code/findbugs/jsr305/1.3.9/jsr305-1.3.9.jar:/Users/muhtasimmahir/.m2/repository/org/checkerframework/checker-compat-qual/2.0.0/checker-compat-qual-2.0.0.jar:/Users/muhtasimmahir/.m2/repository/com/google/errorprone/error_prone_annotations/2.1.3/error_prone_annotations-2.1.3.jar:/Users/muhtasimmahir/.m2/repository/com/google/j2objc/j2objc-annotations/1.1/j2objc-annotations-1.1.jar:/Users/muhtasimmahir/.m2/repository/org/codehaus/mojo/animal-sniffer-annotations/1.14/animal-sniffer-annotations-1.14.jar:/Users/muhtasimmahir/.m2/repository/net/jcip/jcip-annotations/1.0/jcip-annotations-1.0.jar:/Users/muhtasimmahir/.m2/repository/org/seleniumhq/selenium/jetty-repacked/9.4.12.v20180830/jetty-repacked-9.4.12.v20180830.jar:/Users/muhtasimmahir/.m2/repository/com/squareup/okhttp3/okhttp/3.11.0/okhttp-3.11.0.jar:/Users/muhtasimmahir/.m2/repository/com/squareup/okio/okio/1.14.0/okio-1.14.0.jar:/Users/muhtasimmahir/.m2/repository/javax/servlet/javax.servlet-api/3.1.0/javax.servlet-api-3.1.0.jar:/Users/muhtasimmahir/.m2/repository/org/yaml/snakeyaml/1.19/snakeyaml-1.19.jar:/Users/muhtasimmahir/.m2/repository/org/seleniumhq/selenium/selenium-java/3.141.59/selenium-java-3.141.59.jar:/Users/muhtasimmahir/.m2/repository/mysql/mysql-connector-java/8.0.15/mysql-connector-java-8.0.15.jar:/Users/muhtasimmahir/.m2/repository/com/google/protobuf/protobuf-java/3.6.1/protobuf-java-3.6.1.jar:/Users/muhtasimmahir/.m2/repository/org/mongodb/mongodb-driver/3.4.0/mongodb-driver-3.4.0.jar:/Users/muhtasimmahir/.m2/repository/org/mongodb/mongodb-driver-core/3.4.0/mongodb-driver-core-3.4.0.jar:/Users/muhtasimmahir/.m2/repository/org/mongodb/bson/3.4.0/bson-3.4.0.jar:/Users/muhtasimmahir/.m2/repository/org/apache/poi/poi/3.17/poi-3.17.jar:/Users/muhtasimmahir/.m2/repository/commons-codec/commons-codec/1.10/commons-codec-1.10.jar:/Users/muhtasimmahir/.m2/repository/com/aventstack/extentreports/3.0.7/extentreports-3.0.7.jar:/Users/muhtasimmahir/.m2/repository/org/freemarker/freemarker/2.3.23/freemarker-2.3.23.jar:/Users/muhtasimmahir/.m2/repository/org/apache/httpcomponents/httpclient/4.5.2/httpclient-4.5.2.jar:/Users/muhtasimmahir/.m2/repository/org/apache/httpcomponents/httpcore/4.4.4/httpcore-4.4.4.jar:/Users/muhtasimmahir/.m2/repository/commons-logging/commons-logging/1.2/commons-logging-1.2.jar:/Users/muhtasimmahir/.m2/repository/org/apache/httpcomponents/httpmime/4.5.2/httpmime-4.5.2.jar:/Users/muhtasimmahir/.m2/repository/org/jsoup/jsoup/1.9.2/jsoup-1.9.2.jar:/Users/muhtasimmahir/.m2/repository/com/google/code/gson/gson/2.8.0/gson-2.8.0.jar:/Users/muhtasimmahir/.m2/repository/com/relevantcodes/extentreports/2.41.1/extentreports-2.41.1.jar:/Users/muhtasimmahir/.m2/repository/org/xerial/sqlite-jdbc/3.8.11.1/sqlite-jdbc-3.8.11.1.jar:/Users/muhtasimmahir/.m2/repository/org/apache/commons/commons-lang3/3.0/commons-lang3-3.0.jar:/Users/muhtasimmahir/.m2/repository/commons-io/commons-io/2.5/commons-io-2.5.jar:/Users/muhtasimmahir/.m2/repository/org/apache/poi/poi-scratchpad/3.17/poi-scratchpad-3.17.jar:/Users/muhtasimmahir/.m2/repository/org/apache/poi/ooxml-schemas/1.4/ooxml-schemas-1.4.jar:/Users/muhtasimmahir/.m2/repository/org/apache/poi/poi-ooxml/3.17/poi-ooxml-3.17.jar:/Users/muhtasimmahir/.m2/repository/com/github/virtuald/curvesapi/1.04/curvesapi-1.04.jar:/Users/muhtasimmahir/.m2/repository/org/apache/poi/poi-ooxml-schemas/3.17/poi-ooxml-schemas-3.17.jar:/Users/muhtasimmahir/.m2/repository/org/apache/poi/openxml4j/1.0-beta/openxml4j-1.0-beta.jar:/Users/muhtasimmahir/.m2/repository/dom4j/dom4j/1.6.1/dom4j-1.6.1.jar:/Users/muhtasimmahir/.m2/repository/xml-apis/xml-apis/1.0.b2/xml-apis-1.0.b2.jar:/Users/muhtasimmahir/.m2/repository/log4j/log4j/1.2.8/log4j-1.2.8.jar:/Users/muhtasimmahir/.m2/repository/org/apache/commons/commons-collections4/4.1/commons-collections4-4.1.jar:/Users/muhtasimmahir/.m2/repository/org/apache/xmlbeans/xmlbeans/2.6.0/xmlbeans-2.6.0.jar:/Users/muhtasimmahir/.m2/repository/stax/stax-api/1.0.1/stax-api-1.0.1.jar:"/>
    <property name="sun.cpu.endian" value="little"/>
    <property name="user.home" value="/Users/muhtasimmahir"/>
    <property name="user.language" value="en"/>
    <property name="java.specification.vendor" value="Oracle Corporation"/>
    <property name="java.home" value="/Library/Java/JavaVirtualMachines/jdk1.8.0_201.jdk/Contents/Home/jre"/>
    <property name="basedir" value="/Users/muhtasimmahir/IdeaProjects/Group4ProjectWebAutomation/Instagram"/>
    <property name="file.separator" value="/"/>
    <property name="line.separator" value="&#10;"/>
    <property name="java.vm.specification.vendor" value="Oracle Corporation"/>
    <property name="java.specification.name" value="Java Platform API Specification"/>
    <property name="java.awt.graphicsenv" value="sun.awt.CGraphicsEnvironment"/>
    <property name="surefire.real.class.path" value="/Users/muhtasimmahir/IdeaProjects/Group4ProjectWebAutomation/Instagram/target/surefire/surefirebooter5752359845965309662.jar"/>
    <property name="sun.boot.class.path" value="/Library/Java/JavaVirtualMachines/jdk1.8.0_201.jdk/Contents/Home/jre/lib/resources.jar:/Library/Java/JavaVirtualMachines/jdk1.8.0_201.jdk/Contents/Home/jre/lib/rt.jar:/Library/Java/JavaVirtualMachines/jdk1.8.0_201.jdk/Contents/Home/jre/lib/sunrsasign.jar:/Library/Java/JavaVirtualMachines/jdk1.8.0_201.jdk/Contents/Home/jre/lib/jsse.jar:/Library/Java/JavaVirtualMachines/jdk1.8.0_201.jdk/Contents/Home/jre/lib/jce.jar:/Library/Java/JavaVirtualMachines/jdk1.8.0_201.jdk/Contents/Home/jre/lib/charsets.jar:/Library/Java/JavaVirtualMachines/jdk1.8.0_201.jdk/Contents/Home/jre/lib/jfr.jar:/Library/Java/JavaVirtualMachines/jdk1.8.0_201.jdk/Contents/Home/jre/classes"/>
    <property name="sun.management.compiler" value="HotSpot 64-Bit Tiered Compilers"/>
    <property name="ftp.nonProxyHosts" value="local|*.local|169.254/16|*.169.254/16"/>
    <property name="java.runtime.version" value="1.8.0_201-b09"/>
    <property name="user.name" value="muhtasimmahir"/>
    <property name="path.separator" value=":"/>
    <property name="os.version" value="10.14.4"/>
    <property name="java.endorsed.dirs" value="/Library/Java/JavaVirtualMachines/jdk1.8.0_201.jdk/Contents/Home/jre/lib/endorsed"/>
    <property name="java.runtime.name" value="Java(TM) SE Runtime Environment"/>
    <property name="file.encoding" value="UTF-8"/>
    <property name="java.vm.name" value="Java HotSpot(TM) 64-Bit Server VM"/>
    <property name="localRepository" value="/Users/muhtasimmahir/.m2/repository"/>
    <property name="java.vendor.url.bug" value="http://bugreport.sun.com/bugreport/"/>
    <property name="java.io.tmpdir" value="/var/folders/s4/_c1dgkkj4mg1k22dt_vjqtxr0000gn/T/"/>
    <property name="java.version" value="1.8.0_201"/>
    <property name="user.dir" value="/Users/muhtasimmahir/IdeaProjects/Group4ProjectWebAutomation/Instagram"/>
    <property name="os.arch" value="x86_64"/>
    <property name="java.vm.specification.name" value="Java Virtual Machine Specification"/>
    <property name="java.awt.printerjob" value="sun.lwawt.macosx.CPrinterJob"/>
    <property name="sun.os.patch.level" value="unknown"/>
    <property name="java.library.path" value="/Users/muhtasimmahir/Library/Java/Extensions:/Library/Java/Extensions:/Network/Library/Java/Extensions:/System/Library/Java/Extensions:/usr/lib/java:."/>
    <property name="java.vm.info" value="mixed mode"/>
    <property name="java.vendor" value="Oracle Corporation"/>
    <property name="java.vm.version" value="25.201-b09"/>
    <property name="java.ext.dirs" value="/Users/muhtasimmahir/Library/Java/Extensions:/Library/Java/JavaVirtualMachines/jdk1.8.0_201.jdk/Contents/Home/jre/lib/ext:/Library/Java/Extensions:/Network/Library/Java/Extensions:/System/Library/Java/Extensions:/usr/lib/java"/>
    <property name="sun.io.unicode.encoding" value="UnicodeBig"/>
    <property name="java.class.version" value="52.0"/>
    <property name="socksNonProxyHosts" value="local|*.local|169.254/16|*.169.254/16"/>
  </properties>
  <testcase name="ClickAPI" classname="tests.InstaTester" time="0.345"/>
  <testcase name="ClickAboutUs" classname="tests.InstaTester" time="0.291"/>
  <testcase name="ClickDirectory" classname="tests.InstaTester" time="0.457"/>
  <testcase name="ClickHashtags" classname="tests.InstaTester" time="0.416"/>
  <testcase name="ClickJobs" classname="tests.InstaTester" time="0.763"/>
  <testcase name="ClickLanguage" classname="tests.InstaTester" time="0.317"/>
  <testcase name="ClickLogIn" classname="tests.InstaTester" time="0.108"/>
  <testcase name="ClickPress" classname="tests.InstaTester" time="0.602"/>
  <testcase name="ClickPrivacy" classname="tests.InstaTester" time="1.606"/>
  <testcase name="ClickProfiles" classname="tests.InstaTester" time="0.438"/>
  <testcase name="ClickSignUp" classname="tests.InstaTester" time="0.096"/>
  <testcase name="ClickSupport" classname="tests.InstaTester" time="2.051"/>
  <testcase name="ClickTerms" classname="tests.InstaTester" time="7.125"/>
  <testcase name="EnterEmailOrPhone" classname="tests.InstaTester" time="0.167"/>
  <testcase name="EnterFullName" classname="tests.InstaTester" time="0.142"/>
  <testcase name="EnterPassword" classname="tests.InstaTester" time="0.108"/>
  <testcase name="EnterUsername" classname="tests.InstaTester" time="0.122"/>
  <testcase name="VerifyTitle" classname="tests.InstaTester" time="0.005"/>
</testsuite>