<?xml version="1.0" encoding="UTF-8"?>
<!-- Generated by org.testng.reporters.JUnitReportReporter -->
<testsuite skipped="0" hostname="Muhtasims-MBP.fios-router.home" name="tests.InstaTester" tests="18" failures="0" timestamp="14 Apr 2019 01:57:10 GMT" time="51.963" errors="0">
  <testcase name="ClickPress" time="2.618" classname="tests.InstaTester"/>
  <testcase name="ClickProfiles" time="2.459" classname="tests.InstaTester"/>
  <testcase name="VerifyTitle" time="2.063" classname="tests.InstaTester"/>
  <testcase name="EnterEmailOrPhone" time="2.183" classname="tests.InstaTester"/>
  <testcase name="EnterUsername" time="1.945" classname="tests.InstaTester"/>
  <testcase name="ClickJobs" time="2.619" classname="tests.InstaTester"/>
  <testcase name="ClickLogIn" time="2.125" classname="tests.InstaTester"/>
  <testcase name="ClickSignUp" time="2.138" classname="tests.InstaTester"/>
  <testcase name="ClickPrivacy" time="3.582" classname="tests.InstaTester"/>
  <testcase name="EnterPassword" time="2.135" classname="tests.InstaTester"/>
  <testcase name="ClickTerms" time="9.032" classname="tests.InstaTester"/>
  <testcase name="ClickAPI" time="3.218" classname="tests.InstaTester"/>
  <testcase name="ClickLanguage" time="2.398" classname="tests.InstaTester"/>
  <testcase name="ClickDirectory" time="2.519" classname="tests.InstaTester"/>
  <testcase name="EnterFullName" time="2.042" classname="tests.InstaTester"/>
  <testcase name="ClickAboutUs" time="2.224" classname="tests.InstaTester"/>
  <testcase name="ClickHashtags" time="2.345" classname="tests.InstaTester"/>
  <testcase name="ClickSupport" time="4.318" classname="tests.InstaTester"/>
</testsuite> <!-- tests.InstaTester -->
