<?xml version="1.0" encoding="UTF-8"?>
<!-- Generated by org.testng.reporters.JUnitReportReporter -->
<testsuite skipped="0" hostname="Muhtasims-MBP.fios-router.home" name="tests.InstaTester" tests="18" failures="0" timestamp="14 Apr 2019 16:52:31 GMT" time="64.565" errors="0">
  <testcase name="ClickDirectory" time="2.970" classname="tests.InstaTester"/>
  <testcase name="ClickJobs" time="4.839" classname="tests.InstaTester"/>
  <testcase name="ClickLogIn" time="2.140" classname="tests.InstaTester"/>
  <testcase name="EnterFullName" time="2.268" classname="tests.InstaTester"/>
  <testcase name="ClickAboutUs" time="2.590" classname="tests.InstaTester"/>
  <testcase name="ClickAPI" time="2.418" classname="tests.InstaTester"/>
  <testcase name="VerifyTitle" time="2.133" classname="tests.InstaTester"/>
  <testcase name="ClickHashtags" time="2.492" classname="tests.InstaTester"/>
  <testcase name="ClickLanguage" time="2.168" classname="tests.InstaTester"/>
  <testcase name="ClickTerms" time="9.013" classname="tests.InstaTester"/>
  <testcase name="ClickPress" time="2.678" classname="tests.InstaTester"/>
  <testcase name="ClickSignUp" time="2.064" classname="tests.InstaTester"/>
  <testcase name="EnterPassword" time="2.141" classname="tests.InstaTester"/>
  <testcase name="EnterEmailOrPhone" time="2.180" classname="tests.InstaTester"/>
  <testcase name="ClickProfiles" time="2.418" classname="tests.InstaTester"/>
  <testcase name="ClickPrivacy" time="9.030" classname="tests.InstaTester"/>
  <testcase name="ClickSupport" time="8.810" classname="tests.InstaTester"/>
  <testcase name="EnterUsername" time="2.213" classname="tests.InstaTester"/>
</testsuite> <!-- tests.InstaTester -->
