<?xml version="1.0" encoding="UTF-8"?>
<!-- Generated by org.testng.reporters.JUnitReportReporter -->
<testsuite skipped="0" hostname="Muhtasims-MBP.fios-router.home" name="tests.InstaTester" tests="18" failures="0" timestamp="31 Mar 2019 07:15:42 GMT" time="69.148" errors="0">
  <testcase name="ClickAPI" time="2.536" classname="tests.InstaTester"/>
  <testcase name="ClickSignUp" time="2.515" classname="tests.InstaTester"/>
  <testcase name="EnterUsername" time="3.112" classname="tests.InstaTester"/>
  <testcase name="ClickLanguage" time="2.749" classname="tests.InstaTester"/>
  <testcase name="ClickHashtags" time="2.929" classname="tests.InstaTester"/>
  <testcase name="EnterEmailOrPhone" time="2.483" classname="tests.InstaTester"/>
  <testcase name="ClickAboutUs" time="2.514" classname="tests.InstaTester"/>
  <testcase name="ClickDirectory" time="2.476" classname="tests.InstaTester"/>
  <testcase name="ClickPress" time="5.136" classname="tests.InstaTester"/>
  <testcase name="EnterPassword" time="2.625" classname="tests.InstaTester"/>
  <testcase name="ClickJobs" time="2.985" classname="tests.InstaTester"/>
  <testcase name="ClickLogIn" time="2.529" classname="tests.InstaTester"/>
  <testcase name="ClickSupport" time="7.878" classname="tests.InstaTester"/>
  <testcase name="ClickTerms" time="9.448" classname="tests.InstaTester"/>
  <testcase name="VerifyTitle" time="2.334" classname="tests.InstaTester"/>
  <testcase name="ClickPrivacy" time="9.433" classname="tests.InstaTester"/>
  <testcase name="ClickProfiles" time="2.986" classname="tests.InstaTester"/>
  <testcase name="EnterFullName" time="2.480" classname="tests.InstaTester"/>
</testsuite> <!-- tests.InstaTester -->
